
*** Running vivado
    with args -log mem_blk_mem_gen_0_0.vds -m64 -product Vivado -mode batch -messageDb vivado.pb -notrace -source mem_blk_mem_gen_0_0.tcl

awk: linia poleceń:1: ostrzeżenie: argument linii poleceń `/etc/upstream-release' jest katalogiem: pominięto

****** Vivado v2016.4 (64-bit)
  **** SW Build 1756540 on Mon Jan 23 19:11:19 MST 2017
  **** IP Build 1755317 on Mon Jan 23 20:30:07 MST 2017
    ** Copyright 1986-2016 Xilinx, Inc. All Rights Reserved.

source mem_blk_mem_gen_0_0.tcl -notrace
awk: linia poleceń:1: ostrzeżenie: argument linii poleceń `/etc/upstream-release' jest katalogiem: pominięto
Starting RTL Elaboration : Time (s): cpu = 00:00:04 ; elapsed = 00:00:05 . Memory (MB): peak = 1091.633 ; gain = 157.086 ; free physical = 28373 ; free virtual = 32047
INFO: [Synth 8-638] synthesizing module 'mem_blk_mem_gen_0_0' [/home/student/Dzmitry_Mikialevich/dzmitrymikialevich/dzmitrymikialevich.srcs/sources_1/bd/mem/ip/mem_blk_mem_gen_0_0/synth/mem_blk_mem_gen_0_0.vhd:74]
INFO: [Synth 8-256] done synthesizing module 'mem_blk_mem_gen_0_0' (9#1) [/home/student/Dzmitry_Mikialevich/dzmitrymikialevich/dzmitrymikialevich.srcs/sources_1/bd/mem/ip/mem_blk_mem_gen_0_0/synth/mem_blk_mem_gen_0_0.vhd:74]
Finished RTL Elaboration : Time (s): cpu = 00:00:34 ; elapsed = 00:00:34 . Memory (MB): peak = 1291.305 ; gain = 356.758 ; free physical = 28170 ; free virtual = 31846
Finished RTL Optimization Phase 1 : Time (s): cpu = 00:00:34 ; elapsed = 00:00:34 . Memory (MB): peak = 1291.305 ; gain = 356.758 ; free physical = 28169 ; free virtual = 31846
INFO: [Device 21-403] Loading part xc7z010clg400-1
Constraint Validation Runtime : Time (s): cpu = 00:00:00 ; elapsed = 00:00:00.01 . Memory (MB): peak = 1415.305 ; gain = 0.000 ; free physical = 28136 ; free virtual = 31832
Finished Constraint Validation : Time (s): cpu = 00:00:39 ; elapsed = 00:00:40 . Memory (MB): peak = 1415.305 ; gain = 480.758 ; free physical = 28134 ; free virtual = 31831
Finished Loading Part and Timing Information : Time (s): cpu = 00:00:39 ; elapsed = 00:00:40 . Memory (MB): peak = 1415.305 ; gain = 480.758 ; free physical = 28134 ; free virtual = 31831
Finished applying 'set_property' XDC Constraints : Time (s): cpu = 00:00:39 ; elapsed = 00:00:40 . Memory (MB): peak = 1415.305 ; gain = 480.758 ; free physical = 28134 ; free virtual = 31831
Finished RTL Optimization Phase 2 : Time (s): cpu = 00:00:40 ; elapsed = 00:00:40 . Memory (MB): peak = 1415.305 ; gain = 480.758 ; free physical = 28127 ; free virtual = 31825
Finished Cross Boundary and Area Optimization : Time (s): cpu = 00:00:40 ; elapsed = 00:00:40 . Memory (MB): peak = 1415.305 ; gain = 480.758 ; free physical = 28127 ; free virtual = 31825
Finished Applying XDC Timing Constraints : Time (s): cpu = 00:00:44 ; elapsed = 00:00:45 . Memory (MB): peak = 1425.297 ; gain = 490.750 ; free physical = 28084 ; free virtual = 31789
Finished Timing Optimization : Time (s): cpu = 00:00:44 ; elapsed = 00:00:45 . Memory (MB): peak = 1425.297 ; gain = 490.750 ; free physical = 28084 ; free virtual = 31789
Finished Technology Mapping : Time (s): cpu = 00:00:44 ; elapsed = 00:00:45 . Memory (MB): peak = 1435.312 ; gain = 500.766 ; free physical = 28075 ; free virtual = 31780
Finished IO Insertion : Time (s): cpu = 00:00:44 ; elapsed = 00:00:45 . Memory (MB): peak = 1435.312 ; gain = 500.766 ; free physical = 28075 ; free virtual = 31780
Finished Renaming Generated Instances : Time (s): cpu = 00:00:44 ; elapsed = 00:00:45 . Memory (MB): peak = 1435.312 ; gain = 500.766 ; free physical = 28075 ; free virtual = 31780
Finished Rebuilding User Hierarchy : Time (s): cpu = 00:00:44 ; elapsed = 00:00:45 . Memory (MB): peak = 1435.312 ; gain = 500.766 ; free physical = 28075 ; free virtual = 31780
Finished Renaming Generated Ports : Time (s): cpu = 00:00:44 ; elapsed = 00:00:45 . Memory (MB): peak = 1435.312 ; gain = 500.766 ; free physical = 28075 ; free virtual = 31780
Finished Handling Custom Attributes : Time (s): cpu = 00:00:44 ; elapsed = 00:00:45 . Memory (MB): peak = 1435.312 ; gain = 500.766 ; free physical = 28075 ; free virtual = 31780
Finished Renaming Generated Nets : Time (s): cpu = 00:00:44 ; elapsed = 00:00:45 . Memory (MB): peak = 1435.312 ; gain = 500.766 ; free physical = 28075 ; free virtual = 31780

Report Cell Usage: 
+------+---------+------+
|      |Cell     |Count |
+------+---------+------+
|1     |RAMB18E1 |     1|
+------+---------+------+
Finished Writing Synthesis Report : Time (s): cpu = 00:00:44 ; elapsed = 00:00:45 . Memory (MB): peak = 1435.312 ; gain = 500.766 ; free physical = 28075 ; free virtual = 31780
synth_design: Time (s): cpu = 00:00:44 ; elapsed = 00:00:44 . Memory (MB): peak = 1454.828 ; gain = 444.777 ; free physical = 28054 ; free virtual = 31761
